This is pdfTeX, Version 3.14159265-2.6-1.40.19 (MiKTeX 2.9.6630 64-bit) (preloaded format=pdflatex 2018.4.28)  7 JUN 2018 16:46
entering extended mode
**./Vpython_Documentacion.tex
(Vpython_Documentacion.tex
LaTeX2e <2017-04-15>
Babel <3.18> and hyphenation patterns for 75 language(s) loaded.
("C:\Program Files\MiKTeX 2.9\tex\latex\base\article.cls"
Document Class: article 2014/09/29 v1.4h Standard LaTeX document class
("C:\Program Files\MiKTeX 2.9\tex\latex\base\size12.clo"
File: size12.clo 2014/09/29 v1.4h Standard LaTeX file (size option)
)
\c@part=\count79
\c@section=\count80
\c@subsection=\count81
\c@subsubsection=\count82
\c@paragraph=\count83
\c@subparagraph=\count84
\c@figure=\count85
\c@table=\count86
\abovecaptionskip=\skip41
\belowcaptionskip=\skip42
\bibindent=\dimen102
)
("C:\Program Files\MiKTeX 2.9\tex\latex\base\inputenc.sty"
Package: inputenc 2015/03/17 v1.2c Input encoding file
\inpenc@prehook=\toks14
\inpenc@posthook=\toks15

("C:\Program Files\MiKTeX 2.9\tex\latex\base\utf8.def"
File: utf8.def 2017/01/28 v1.1t UTF-8 support for inputenc
Now handling font encoding OML ...
... no UTF-8 mapping file for font encoding OML
Now handling font encoding T1 ...
... processing UTF-8 mapping file for font encoding T1

("C:\Program Files\MiKTeX 2.9\tex\latex\base\t1enc.dfu"
File: t1enc.dfu 2017/01/28 v1.1t UTF-8 support for inputenc
   defining Unicode char U+00A0 (decimal 160)
   defining Unicode char U+00A1 (decimal 161)
   defining Unicode char U+00A3 (decimal 163)
   defining Unicode char U+00AB (decimal 171)
   defining Unicode char U+00AD (decimal 173)
   defining Unicode char U+00BB (decimal 187)
   defining Unicode char U+00BF (decimal 191)
   defining Unicode char U+00C0 (decimal 192)
   defining Unicode char U+00C1 (decimal 193)
   defining Unicode char U+00C2 (decimal 194)
   defining Unicode char U+00C3 (decimal 195)
   defining Unicode char U+00C4 (decimal 196)
   defining Unicode char U+00C5 (decimal 197)
   defining Unicode char U+00C6 (decimal 198)
   defining Unicode char U+00C7 (decimal 199)
   defining Unicode char U+00C8 (decimal 200)
   defining Unicode char U+00C9 (decimal 201)
   defining Unicode char U+00CA (decimal 202)
   defining Unicode char U+00CB (decimal 203)
   defining Unicode char U+00CC (decimal 204)
   defining Unicode char U+00CD (decimal 205)
   defining Unicode char U+00CE (decimal 206)
   defining Unicode char U+00CF (decimal 207)
   defining Unicode char U+00D0 (decimal 208)
   defining Unicode char U+00D1 (decimal 209)
   defining Unicode char U+00D2 (decimal 210)
   defining Unicode char U+00D3 (decimal 211)
   defining Unicode char U+00D4 (decimal 212)
   defining Unicode char U+00D5 (decimal 213)
   defining Unicode char U+00D6 (decimal 214)
   defining Unicode char U+00D8 (decimal 216)
   defining Unicode char U+00D9 (decimal 217)
   defining Unicode char U+00DA (decimal 218)
   defining Unicode char U+00DB (decimal 219)
   defining Unicode char U+00DC (decimal 220)
   defining Unicode char U+00DD (decimal 221)
   defining Unicode char U+00DE (decimal 222)
   defining Unicode char U+00DF (decimal 223)
   defining Unicode char U+00E0 (decimal 224)
   defining Unicode char U+00E1 (decimal 225)
   defining Unicode char U+00E2 (decimal 226)
   defining Unicode char U+00E3 (decimal 227)
   defining Unicode char U+00E4 (decimal 228)
   defining Unicode char U+00E5 (decimal 229)
   defining Unicode char U+00E6 (decimal 230)
   defining Unicode char U+00E7 (decimal 231)
   defining Unicode char U+00E8 (decimal 232)
   defining Unicode char U+00E9 (decimal 233)
   defining Unicode char U+00EA (decimal 234)
   defining Unicode char U+00EB (decimal 235)
   defining Unicode char U+00EC (decimal 236)
   defining Unicode char U+00ED (decimal 237)
   defining Unicode char U+00EE (decimal 238)
   defining Unicode char U+00EF (decimal 239)
   defining Unicode char U+00F0 (decimal 240)
   defining Unicode char U+00F1 (decimal 241)
   defining Unicode char U+00F2 (decimal 242)
   defining Unicode char U+00F3 (decimal 243)
   defining Unicode char U+00F4 (decimal 244)
   defining Unicode char U+00F5 (decimal 245)
   defining Unicode char U+00F6 (decimal 246)
   defining Unicode char U+00F8 (decimal 248)
   defining Unicode char U+00F9 (decimal 249)
   defining Unicode char U+00FA (decimal 250)
   defining Unicode char U+00FB (decimal 251)
   defining Unicode char U+00FC (decimal 252)
   defining Unicode char U+00FD (decimal 253)
   defining Unicode char U+00FE (decimal 254)
   defining Unicode char U+00FF (decimal 255)
   defining Unicode char U+0100 (decimal 256)
   defining Unicode char U+0101 (decimal 257)
   defining Unicode char U+0102 (decimal 258)
   defining Unicode char U+0103 (decimal 259)
   defining Unicode char U+0104 (decimal 260)
   defining Unicode char U+0105 (decimal 261)
   defining Unicode char U+0106 (decimal 262)
   defining Unicode char U+0107 (decimal 263)
   defining Unicode char U+0108 (decimal 264)
   defining Unicode char U+0109 (decimal 265)
   defining Unicode char U+010A (decimal 266)
   defining Unicode char U+010B (decimal 267)
   defining Unicode char U+010C (decimal 268)
   defining Unicode char U+010D (decimal 269)
   defining Unicode char U+010E (decimal 270)
   defining Unicode char U+010F (decimal 271)
   defining Unicode char U+0110 (decimal 272)
   defining Unicode char U+0111 (decimal 273)
   defining Unicode char U+0112 (decimal 274)
   defining Unicode char U+0113 (decimal 275)
   defining Unicode char U+0114 (decimal 276)
   defining Unicode char U+0115 (decimal 277)
   defining Unicode char U+0116 (decimal 278)
   defining Unicode char U+0117 (decimal 279)
   defining Unicode char U+0118 (decimal 280)
   defining Unicode char U+0119 (decimal 281)
   defining Unicode char U+011A (decimal 282)
   defining Unicode char U+011B (decimal 283)
   defining Unicode char U+011C (decimal 284)
   defining Unicode char U+011D (decimal 285)
   defining Unicode char U+011E (decimal 286)
   defining Unicode char U+011F (decimal 287)
   defining Unicode char U+0120 (decimal 288)
   defining Unicode char U+0121 (decimal 289)
   defining Unicode char U+0122 (decimal 290)
   defining Unicode char U+0123 (decimal 291)
   defining Unicode char U+0124 (decimal 292)
   defining Unicode char U+0125 (decimal 293)
   defining Unicode char U+0128 (decimal 296)
   defining Unicode char U+0129 (decimal 297)
   defining Unicode char U+012A (decimal 298)
   defining Unicode char U+012B (decimal 299)
   defining Unicode char U+012C (decimal 300)
   defining Unicode char U+012D (decimal 301)
   defining Unicode char U+012E (decimal 302)
   defining Unicode char U+012F (decimal 303)
   defining Unicode char U+0130 (decimal 304)
   defining Unicode char U+0131 (decimal 305)
   defining Unicode char U+0132 (decimal 306)
   defining Unicode char U+0133 (decimal 307)
   defining Unicode char U+0134 (decimal 308)
   defining Unicode char U+0135 (decimal 309)
   defining Unicode char U+0136 (decimal 310)
   defining Unicode char U+0137 (decimal 311)
   defining Unicode char U+0139 (decimal 313)
   defining Unicode char U+013A (decimal 314)
   defining Unicode char U+013B (decimal 315)
   defining Unicode char U+013C (decimal 316)
   defining Unicode char U+013D (decimal 317)
   defining Unicode char U+013E (decimal 318)
   defining Unicode char U+0141 (decimal 321)
   defining Unicode char U+0142 (decimal 322)
   defining Unicode char U+0143 (decimal 323)
   defining Unicode char U+0144 (decimal 324)
   defining Unicode char U+0145 (decimal 325)
   defining Unicode char U+0146 (decimal 326)
   defining Unicode char U+0147 (decimal 327)
   defining Unicode char U+0148 (decimal 328)
   defining Unicode char U+014A (decimal 330)
   defining Unicode char U+014B (decimal 331)
   defining Unicode char U+014C (decimal 332)
   defining Unicode char U+014D (decimal 333)
   defining Unicode char U+014E (decimal 334)
   defining Unicode char U+014F (decimal 335)
   defining Unicode char U+0150 (decimal 336)
   defining Unicode char U+0151 (decimal 337)
   defining Unicode char U+0152 (decimal 338)
   defining Unicode char U+0153 (decimal 339)
   defining Unicode char U+0154 (decimal 340)
   defining Unicode char U+0155 (decimal 341)
   defining Unicode char U+0156 (decimal 342)
   defining Unicode char U+0157 (decimal 343)
   defining Unicode char U+0158 (decimal 344)
   defining Unicode char U+0159 (decimal 345)
   defining Unicode char U+015A (decimal 346)
   defining Unicode char U+015B (decimal 347)
   defining Unicode char U+015C (decimal 348)
   defining Unicode char U+015D (decimal 349)
   defining Unicode char U+015E (decimal 350)
   defining Unicode char U+015F (decimal 351)
   defining Unicode char U+0160 (decimal 352)
   defining Unicode char U+0161 (decimal 353)
   defining Unicode char U+0162 (decimal 354)
   defining Unicode char U+0163 (decimal 355)
   defining Unicode char U+0164 (decimal 356)
   defining Unicode char U+0165 (decimal 357)
   defining Unicode char U+0168 (decimal 360)
   defining Unicode char U+0169 (decimal 361)
   defining Unicode char U+016A (decimal 362)
   defining Unicode char U+016B (decimal 363)
   defining Unicode char U+016C (decimal 364)
   defining Unicode char U+016D (decimal 365)
   defining Unicode char U+016E (decimal 366)
   defining Unicode char U+016F (decimal 367)
   defining Unicode char U+0170 (decimal 368)
   defining Unicode char U+0171 (decimal 369)
   defining Unicode char U+0172 (decimal 370)
   defining Unicode char U+0173 (decimal 371)
   defining Unicode char U+0174 (decimal 372)
   defining Unicode char U+0175 (decimal 373)
   defining Unicode char U+0176 (decimal 374)
   defining Unicode char U+0177 (decimal 375)
   defining Unicode char U+0178 (decimal 376)
   defining Unicode char U+0179 (decimal 377)
   defining Unicode char U+017A (decimal 378)
   defining Unicode char U+017B (decimal 379)
   defining Unicode char U+017C (decimal 380)
   defining Unicode char U+017D (decimal 381)
   defining Unicode char U+017E (decimal 382)
   defining Unicode char U+01CD (decimal 461)
   defining Unicode char U+01CE (decimal 462)
   defining Unicode char U+01CF (decimal 463)
   defining Unicode char U+01D0 (decimal 464)
   defining Unicode char U+01D1 (decimal 465)
   defining Unicode char U+01D2 (decimal 466)
   defining Unicode char U+01D3 (decimal 467)
   defining Unicode char U+01D4 (decimal 468)
   defining Unicode char U+01E2 (decimal 482)
   defining Unicode char U+01E3 (decimal 483)
   defining Unicode char U+01E6 (decimal 486)
   defining Unicode char U+01E7 (decimal 487)
   defining Unicode char U+01E8 (decimal 488)
   defining Unicode char U+01E9 (decimal 489)
   defining Unicode char U+01EA (decimal 490)
   defining Unicode char U+01EB (decimal 491)
   defining Unicode char U+01F0 (decimal 496)
   defining Unicode char U+01F4 (decimal 500)
   defining Unicode char U+01F5 (decimal 501)
   defining Unicode char U+0218 (decimal 536)
   defining Unicode char U+0219 (decimal 537)
   defining Unicode char U+021A (decimal 538)
   defining Unicode char U+021B (decimal 539)
   defining Unicode char U+0232 (decimal 562)
   defining Unicode char U+0233 (decimal 563)
   defining Unicode char U+1E02 (decimal 7682)
   defining Unicode char U+1E03 (decimal 7683)
   defining Unicode char U+200C (decimal 8204)
   defining Unicode char U+2010 (decimal 8208)
   defining Unicode char U+2011 (decimal 8209)
   defining Unicode char U+2012 (decimal 8210)
   defining Unicode char U+2013 (decimal 8211)
   defining Unicode char U+2014 (decimal 8212)
   defining Unicode char U+2015 (decimal 8213)
   defining Unicode char U+2018 (decimal 8216)
   defining Unicode char U+2019 (decimal 8217)
   defining Unicode char U+201A (decimal 8218)
   defining Unicode char U+201C (decimal 8220)
   defining Unicode char U+201D (decimal 8221)
   defining Unicode char U+201E (decimal 8222)
   defining Unicode char U+2030 (decimal 8240)
   defining Unicode char U+2031 (decimal 8241)
   defining Unicode char U+2039 (decimal 8249)
   defining Unicode char U+203A (decimal 8250)
   defining Unicode char U+2423 (decimal 9251)
   defining Unicode char U+1E20 (decimal 7712)
   defining Unicode char U+1E21 (decimal 7713)
)
Now handling font encoding OT1 ...
... processing UTF-8 mapping file for font encoding OT1

("C:\Program Files\MiKTeX 2.9\tex\latex\base\ot1enc.dfu"
File: ot1enc.dfu 2017/01/28 v1.1t UTF-8 support for inputenc
   defining Unicode char U+00A0 (decimal 160)
   defining Unicode char U+00A1 (decimal 161)
   defining Unicode char U+00A3 (decimal 163)
   defining Unicode char U+00AD (decimal 173)
   defining Unicode char U+00B8 (decimal 184)
   defining Unicode char U+00BF (decimal 191)
   defining Unicode char U+00C5 (decimal 197)
   defining Unicode char U+00C6 (decimal 198)
   defining Unicode char U+00D8 (decimal 216)
   defining Unicode char U+00DF (decimal 223)
   defining Unicode char U+00E6 (decimal 230)
   defining Unicode char U+00EC (decimal 236)
   defining Unicode char U+00ED (decimal 237)
   defining Unicode char U+00EE (decimal 238)
   defining Unicode char U+00EF (decimal 239)
   defining Unicode char U+00F8 (decimal 248)
   defining Unicode char U+0131 (decimal 305)
   defining Unicode char U+0141 (decimal 321)
   defining Unicode char U+0142 (decimal 322)
   defining Unicode char U+0152 (decimal 338)
   defining Unicode char U+0153 (decimal 339)
   defining Unicode char U+0174 (decimal 372)
   defining Unicode char U+0175 (decimal 373)
   defining Unicode char U+0176 (decimal 374)
   defining Unicode char U+0177 (decimal 375)
   defining Unicode char U+0218 (decimal 536)
   defining Unicode char U+0219 (decimal 537)
   defining Unicode char U+021A (decimal 538)
   defining Unicode char U+021B (decimal 539)
   defining Unicode char U+2013 (decimal 8211)
   defining Unicode char U+2014 (decimal 8212)
   defining Unicode char U+2018 (decimal 8216)
   defining Unicode char U+2019 (decimal 8217)
   defining Unicode char U+201C (decimal 8220)
   defining Unicode char U+201D (decimal 8221)
)
Now handling font encoding OMS ...
... processing UTF-8 mapping file for font encoding OMS

("C:\Program Files\MiKTeX 2.9\tex\latex\base\omsenc.dfu"
File: omsenc.dfu 2017/01/28 v1.1t UTF-8 support for inputenc
   defining Unicode char U+00A7 (decimal 167)
   defining Unicode char U+00B6 (decimal 182)
   defining Unicode char U+00B7 (decimal 183)
   defining Unicode char U+2020 (decimal 8224)
   defining Unicode char U+2021 (decimal 8225)
   defining Unicode char U+2022 (decimal 8226)
)
Now handling font encoding OMX ...
... no UTF-8 mapping file for font encoding OMX
Now handling font encoding U ...
... no UTF-8 mapping file for font encoding U
   defining Unicode char U+00A9 (decimal 169)
   defining Unicode char U+00AA (decimal 170)
   defining Unicode char U+00AE (decimal 174)
   defining Unicode char U+00BA (decimal 186)
   defining Unicode char U+02C6 (decimal 710)
   defining Unicode char U+02DC (decimal 732)
   defining Unicode char U+200C (decimal 8204)
   defining Unicode char U+2026 (decimal 8230)
   defining Unicode char U+2122 (decimal 8482)
   defining Unicode char U+2423 (decimal 9251)
))
("C:\Program Files\MiKTeX 2.9\tex\generic\babel\babel.sty"
Package: babel 2018/02/14 3.18 The Babel package

("C:\Program Files\MiKTeX 2.9\tex\generic\babel\switch.def"
File: switch.def 2018/02/14 3.18 Babel switching mechanism
)
*************************************
* Local config file bblopts.cfg used
*
("C:\Program Files\MiKTeX 2.9\tex\latex\arabi\bblopts.cfg"
File: bblopts.cfg 2005/09/08 v0.1 add Arabic and Farsi to "declared" options of
 babel
)
("C:\Program Files\MiKTeX 2.9\tex\latex\babel-spanish\spanish.ldf"
Language: spanish.ldf 2016/03/03 v5.0p Spanish support from the babel system

("C:\Program Files\MiKTeX 2.9\tex\generic\babel\babel.def"
File: babel.def 2018/02/14 3.18 Babel common definitions
\babel@savecnt=\count87
\U@D=\dimen103

("C:\Program Files\MiKTeX 2.9\tex\generic\babel\txtbabel.def")
\bbl@dirlevel=\count88
)
\es@quottoks=\toks16
\es@quotdepth=\count89
Package babel Info: Making " an active character on input line 561.
Package babel Info: Making . an active character on input line 662.
Package babel Info: Making < an active character on input line 707.
Package babel Info: Making > an active character on input line 707.
))
("C:\Program Files\MiKTeX 2.9\tex\latex\blindtext\blindtext.sty"
Package: blindtext 2012/01/06 V2.0 blindtext-Package

("C:\Program Files\MiKTeX 2.9\tex\latex\tools\xspace.sty"
Package: xspace 2014/10/28 v1.13 Space after command names (DPC,MH)
)
\c@blindtext=\count90
\c@Blindtext=\count91
\c@blind@countparstart=\count92
\blind@countxx=\count93
\blindtext@numBlindtext=\count94
\blind@countyy=\count95
\c@blindlist=\count96
\c@blindlistlevel=\count97
\c@blindlist@level=\count98
\blind@listitem=\count99
\c@blind@listcount=\count100
\c@blind@levelcount=\count101
\blind@mathformula=\count102
\blind@Mathformula=\count103
\c@blind@randomcount=\count104
\c@blind@randommax=\count105
\c@blind@pangramcount=\count106
\c@blind@pangrammax=\count107
)
("C:\Program Files\MiKTeX 2.9\tex\latex\imakeidx\imakeidx.sty"
Package: imakeidx 2016/10/15 v1.3e Package for typesetting indices in a synchro
nous mode

("C:\Program Files\MiKTeX 2.9\tex\latex\xkeyval\xkeyval.sty"
Package: xkeyval 2014/12/03 v2.7a package option processing (HA)

("C:\Program Files\MiKTeX 2.9\tex\generic\xkeyval\xkeyval.tex"
("C:\Program Files\MiKTeX 2.9\tex\generic\xkeyval\xkvutils.tex"
\XKV@toks=\toks17
\XKV@tempa@toks=\toks18

("C:\Program Files\MiKTeX 2.9\tex\generic\xkeyval\keyval.tex"))
\XKV@depth=\count108
File: xkeyval.tex 2014/12/03 v2.7a key=value parser (HA)
))
("C:\Program Files\MiKTeX 2.9\tex\generic\ifxetex\ifxetex.sty"
Package: ifxetex 2010/09/12 v0.6 Provides ifxetex conditional
)
("C:\Program Files\MiKTeX 2.9\tex\generic\oberdiek\ifluatex.sty"
Package: ifluatex 2016/05/16 v1.4 Provides the ifluatex switch (HO)
Package ifluatex Info: LuaTeX not detected.
)
("C:\Program Files\MiKTeX 2.9\tex\latex\tools\multicol.sty"
Package: multicol 2017/04/11 v1.8q multicolumn formatting (FMi)
\c@tracingmulticols=\count109
\mult@box=\box26
\multicol@leftmargin=\dimen104
\c@unbalance=\count110
\c@collectmore=\count111
\doublecol@number=\count112
\multicoltolerance=\count113
\multicolpretolerance=\count114
\full@width=\dimen105
\page@free=\dimen106
\premulticols=\dimen107
\postmulticols=\dimen108
\multicolsep=\skip43
\multicolbaselineskip=\skip44
\partial@page=\box27
\last@line=\box28
\maxbalancingoverflow=\dimen109
\mult@rightbox=\box29
\mult@grightbox=\box30
\mult@gfirstbox=\box31
\mult@firstbox=\box32
\@tempa=\box33
\@tempa=\box34
\@tempa=\box35
\@tempa=\box36
\@tempa=\box37
\@tempa=\box38
\@tempa=\box39
\@tempa=\box40
\@tempa=\box41
\@tempa=\box42
\@tempa=\box43
\@tempa=\box44
\@tempa=\box45
\@tempa=\box46
\@tempa=\box47
\@tempa=\box48
\@tempa=\box49
\c@columnbadness=\count115
\c@finalcolumnbadness=\count116
\last@try=\dimen110
\multicolovershoot=\dimen111
\multicolundershoot=\dimen112
\mult@nat@firstbox=\box50
\colbreak@box=\box51
\mc@col@check@num=\count117
))
("C:\Program Files\MiKTeX 2.9\tex\latex\ltxmisc\anysize.sty"
Package: anysize 1994/08/13 1.0 Contributed LaTeX2e package

Package: `anysize' 1.0 <1994/08/13>
\@Leftmargin=\dimen113
\@Rightmargin=\dimen114
\@Topmargin=\dimen115
\@Bottommargin=\dimen116
) ("C:\Program Files\MiKTeX 2.9\tex\latex\amsmath\amsmath.sty"
Package: amsmath 2017/09/02 v2.17a AMS math features
\@mathmargin=\skip45

For additional information on amsmath, use the `?' option.
("C:\Program Files\MiKTeX 2.9\tex\latex\amsmath\amstext.sty"
Package: amstext 2000/06/29 v2.01 AMS text

("C:\Program Files\MiKTeX 2.9\tex\latex\amsmath\amsgen.sty"
File: amsgen.sty 1999/11/30 v2.0 generic functions
\@emptytoks=\toks19
\ex@=\dimen117
))
("C:\Program Files\MiKTeX 2.9\tex\latex\amsmath\amsbsy.sty"
Package: amsbsy 1999/11/29 v1.2d Bold Symbols
\pmbraise@=\dimen118
)
("C:\Program Files\MiKTeX 2.9\tex\latex\amsmath\amsopn.sty"
Package: amsopn 2016/03/08 v2.02 operator names
)
\inf@bad=\count118
LaTeX Info: Redefining \frac on input line 213.
\uproot@=\count119
\leftroot@=\count120
LaTeX Info: Redefining \overline on input line 375.
\classnum@=\count121
\DOTSCASE@=\count122
LaTeX Info: Redefining \ldots on input line 472.
LaTeX Info: Redefining \dots on input line 475.
LaTeX Info: Redefining \cdots on input line 596.
\Mathstrutbox@=\box52
\strutbox@=\box53
\big@size=\dimen119
LaTeX Font Info:    Redeclaring font encoding OML on input line 712.
LaTeX Font Info:    Redeclaring font encoding OMS on input line 713.
\macc@depth=\count123
\c@MaxMatrixCols=\count124
\dotsspace@=\muskip10
\c@parentequation=\count125
\dspbrk@lvl=\count126
\tag@help=\toks20
\row@=\count127
\column@=\count128
\maxfields@=\count129
\andhelp@=\toks21
\eqnshift@=\dimen120
\alignsep@=\dimen121
\tagshift@=\dimen122
\tagwidth@=\dimen123
\totwidth@=\dimen124
\lineht@=\dimen125
\@envbody=\toks22
\multlinegap=\skip46
\multlinetaggap=\skip47
\mathdisplay@stack=\toks23
LaTeX Info: Redefining \[ on input line 2817.
LaTeX Info: Redefining \] on input line 2818.
)
("C:\Program Files\MiKTeX 2.9\tex\latex\amsfonts\amsfonts.sty"
Package: amsfonts 2013/01/14 v3.01 Basic AMSFonts support
\symAMSa=\mathgroup4
\symAMSb=\mathgroup5
LaTeX Font Info:    Overwriting math alphabet `\mathfrak' in version `bold'
(Font)                  U/euf/m/n --> U/euf/b/n on input line 106.
)
("C:\Program Files\MiKTeX 2.9\tex\latex\hyperref\hyperref.sty"
Package: hyperref 2018/02/06 v6.86b Hypertext links for LaTeX

("C:\Program Files\MiKTeX 2.9\tex\generic\oberdiek\hobsub-hyperref.sty"
Package: hobsub-hyperref 2016/05/16 v1.14 Bundle oberdiek, subset hyperref (HO)


("C:\Program Files\MiKTeX 2.9\tex\generic\oberdiek\hobsub-generic.sty"
Package: hobsub-generic 2016/05/16 v1.14 Bundle oberdiek, subset generic (HO)
Package: hobsub 2016/05/16 v1.14 Construct package bundles (HO)
Package: infwarerr 2016/05/16 v1.4 Providing info/warning/error messages (HO)
Package: ltxcmds 2016/05/16 v1.23 LaTeX kernel commands for general use (HO)
Package hobsub Info: Skipping package `ifluatex' (already loaded).
Package: ifvtex 2016/05/16 v1.6 Detect VTeX and its facilities (HO)
Package ifvtex Info: VTeX not detected.
Package: intcalc 2016/05/16 v1.2 Expandable calculations with integers (HO)
Package: ifpdf 2017/03/15 v3.2 Provides the ifpdf switch
Package: etexcmds 2016/05/16 v1.6 Avoid name clashes with e-TeX commands (HO)
Package etexcmds Info: Could not find \expanded.
(etexcmds)             That can mean that you are not using pdfTeX 1.50 or
(etexcmds)             that some package has redefined \expanded.
(etexcmds)             In the latter case, load this package earlier.
Package: kvsetkeys 2016/05/16 v1.17 Key value parser (HO)
Package: kvdefinekeys 2016/05/16 v1.4 Define keys (HO)
Package: pdftexcmds 2018/01/21 v0.26 Utility functions of pdfTeX for LuaTeX (HO
)
Package pdftexcmds Info: LuaTeX not detected.
Package pdftexcmds Info: \pdf@primitive is available.
Package pdftexcmds Info: \pdf@ifprimitive is available.
Package pdftexcmds Info: \pdfdraftmode found.
Package: pdfescape 2016/05/16 v1.14 Implements pdfTeX's escape features (HO)
Package: bigintcalc 2016/05/16 v1.4 Expandable calculations on big integers (HO
)
Package: bitset 2016/05/16 v1.2 Handle bit-vector datatype (HO)
Package: uniquecounter 2016/05/16 v1.3 Provide unlimited unique counter (HO)
)
Package hobsub Info: Skipping package `hobsub' (already loaded).
Package: letltxmacro 2016/05/16 v1.5 Let assignment for LaTeX macros (HO)
Package: hopatch 2016/05/16 v1.3 Wrapper for package hooks (HO)
Package: xcolor-patch 2016/05/16 xcolor patch
Package: atveryend 2016/05/16 v1.9 Hooks at the very end of document (HO)
Package atveryend Info: \enddocument detected (standard20110627).
Package: atbegshi 2016/06/09 v1.18 At begin shipout hook (HO)
Package: refcount 2016/05/16 v3.5 Data extraction from label references (HO)
Package: hycolor 2016/05/16 v1.8 Color options for hyperref/bookmark (HO)
)
("C:\Program Files\MiKTeX 2.9\tex\latex\oberdiek\auxhook.sty"
Package: auxhook 2016/05/16 v1.4 Hooks for auxiliary files (HO)
)
("C:\Program Files\MiKTeX 2.9\tex\latex\oberdiek\kvoptions.sty"
Package: kvoptions 2016/05/16 v3.12 Key value format for package options (HO)
)
\@linkdim=\dimen126
\Hy@linkcounter=\count130
\Hy@pagecounter=\count131

("C:\Program Files\MiKTeX 2.9\tex\latex\hyperref\pd1enc.def"
File: pd1enc.def 2018/02/06 v6.86b Hyperref: PDFDocEncoding definition (HO)
Now handling font encoding PD1 ...
... no UTF-8 mapping file for font encoding PD1
)
\Hy@SavedSpaceFactor=\count132

("C:\Program Files\MiKTeX 2.9\tex\latex\00miktex\hyperref.cfg"
File: hyperref.cfg 2002/06/06 v1.2 hyperref configuration of TeXLive
)
Package hyperref Info: Option `colorlinks' set `true' on input line 4383.
Package hyperref Info: Hyper figures OFF on input line 4509.
Package hyperref Info: Link nesting OFF on input line 4514.
Package hyperref Info: Hyper index ON on input line 4517.
Package hyperref Info: Plain pages OFF on input line 4524.
Package hyperref Info: Backreferencing OFF on input line 4529.
Package hyperref Info: Implicit mode ON; LaTeX internals redefined.
Package hyperref Info: Bookmarks ON on input line 4762.
\c@Hy@tempcnt=\count133

("C:\Program Files\MiKTeX 2.9\tex\latex\url\url.sty"
\Urlmuskip=\muskip11
Package: url 2013/09/16  ver 3.4  Verb mode for urls, etc.
)
LaTeX Info: Redefining \url on input line 5115.
\XeTeXLinkMargin=\dimen127
\Fld@menulength=\count134
\Field@Width=\dimen128
\Fld@charsize=\dimen129
Package hyperref Info: Hyper figures OFF on input line 6369.
Package hyperref Info: Link nesting OFF on input line 6374.
Package hyperref Info: Hyper index ON on input line 6377.
Package hyperref Info: backreferencing OFF on input line 6384.
Package hyperref Info: Link coloring ON on input line 6387.
Package hyperref Info: Link coloring with OCG OFF on input line 6394.
Package hyperref Info: PDF/A mode OFF on input line 6399.
LaTeX Info: Redefining \ref on input line 6439.
LaTeX Info: Redefining \pageref on input line 6443.
\Hy@abspage=\count135
\c@Item=\count136
\c@Hfootnote=\count137
)
Package hyperref Info: Driver (autodetected): hpdftex.

("C:\Program Files\MiKTeX 2.9\tex\latex\hyperref\hpdftex.def"
File: hpdftex.def 2018/02/06 v6.86b Hyperref driver for pdfTeX
\Fld@listcount=\count138
\c@bookmark@seq@number=\count139

("C:\Program Files\MiKTeX 2.9\tex\latex\oberdiek\rerunfilecheck.sty"
Package: rerunfilecheck 2016/05/16 v1.8 Rerun checks for auxiliary files (HO)
Package uniquecounter Info: New unique counter `rerunfilecheck' on input line 2
82.
)
\Hy@SectionHShift=\skip48
)
("C:\Program Files\MiKTeX 2.9\tex\latex\xcolor\xcolor.sty"
Package: xcolor 2016/05/11 v2.12 LaTeX color extensions (UK)

("C:\Program Files\MiKTeX 2.9\tex\latex\graphics-cfg\color.cfg"
File: color.cfg 2016/01/02 v1.6 sample color configuration
)
Package xcolor Info: Package option `usenames' ignored on input line 216.
Package xcolor Info: Driver file: pdftex.def on input line 225.

("C:\Program Files\MiKTeX 2.9\tex\latex\graphics-def\pdftex.def"
File: pdftex.def 2018/01/08 v1.0l Graphics/color driver for pdftex
)
("C:\Program Files\MiKTeX 2.9\tex\latex\colortbl\colortbl.sty"
Package: colortbl 2012/02/13 v1.0a Color table columns (DPC)

("C:\Program Files\MiKTeX 2.9\tex\latex\tools\array.sty"
Package: array 2016/10/06 v2.4d Tabular extension package (FMi)
\col@sep=\dimen130
\extrarowheight=\dimen131
\NC@list=\toks24
\extratabsurround=\skip49
\backup@length=\skip50
)
\everycr=\toks25
\minrowclearance=\skip51
)
\rownum=\count140
Package xcolor Info: Model `cmy' substituted by `cmy0' on input line 1348.
Package xcolor Info: Model `hsb' substituted by `rgb' on input line 1352.
Package xcolor Info: Model `RGB' extended on input line 1364.
Package xcolor Info: Model `HTML' substituted by `rgb' on input line 1366.
Package xcolor Info: Model `Hsb' substituted by `hsb' on input line 1367.
Package xcolor Info: Model `tHsb' substituted by `hsb' on input line 1368.
Package xcolor Info: Model `HSB' substituted by `hsb' on input line 1369.
Package xcolor Info: Model `Gray' substituted by `gray' on input line 1370.
Package xcolor Info: Model `wave' substituted by `hsb' on input line 1371.

("C:\Program Files\MiKTeX 2.9\tex\latex\graphics\dvipsnam.def"
File: dvipsnam.def 2016/06/17 v3.0m Driver-dependent file (DPC,SPQR)
)
("C:\Program Files\MiKTeX 2.9\tex\latex\xcolor\svgnam.def"
File: svgnam.def 2016/05/11 v2.12 Predefined colors according to SVG 1.1 (UK)
))
("C:\Program Files\MiKTeX 2.9\tex\latex\listings\listings.sty"
\lst@mode=\count141
\lst@gtempboxa=\box54
\lst@token=\toks26
\lst@length=\count142
\lst@currlwidth=\dimen132
\lst@column=\count143
\lst@pos=\count144
\lst@lostspace=\dimen133
\lst@width=\dimen134
\lst@newlines=\count145
\lst@lineno=\count146
\lst@maxwidth=\dimen135

("C:\Program Files\MiKTeX 2.9\tex\latex\listings\lstmisc.sty"
File: lstmisc.sty 2015/06/04 1.6 (Carsten Heinz)
\c@lstnumber=\count147
\lst@skipnumbers=\count148
\lst@framebox=\box55
)
("C:\Program Files\MiKTeX 2.9\tex\latex\listings\listings.cfg"
File: listings.cfg 2015/06/04 1.6 listings configuration
))
Package: listings 2015/06/04 1.6 (Carsten Heinz)

("C:\Program Files\MiKTeX 2.9\tex\latex\glossaries-extra\glossaries-extra.sty"
Package: glossaries-extra 2018/05/24 v1.32 (NLCT)

("C:\Program Files\MiKTeX 2.9\tex\latex\etoolbox\etoolbox.sty"
Package: etoolbox 2018/02/11 v2.5e e-TeX tools for LaTeX (JAW)
\etb@tempcnta=\count149
)
("C:\Program Files\MiKTeX 2.9\tex\latex\glossaries\base\glossaries.sty"
Package: glossaries 2018/05/23 v4.39 (NLCT)

("C:\Program Files\MiKTeX 2.9\tex\latex\base\ifthen.sty"
Package: ifthen 2014/09/29 v1.1c Standard LaTeX ifthen package (DPC)
)
("C:\Program Files\MiKTeX 2.9\tex\latex\mfirstuc\mfirstuc.sty"
Package: mfirstuc 2017/11/14 v2.06 (NLCT)
\@glsmfirst=\toks27
\@glsmrest=\toks28
)
("C:\Program Files\MiKTeX 2.9\tex\latex\textcase\textcase.sty"
Package: textcase 2004/10/07 v0.07 Text only upper/lower case changing (DPC)
)
("C:\Program Files\MiKTeX 2.9\tex\latex\xfor\xfor.sty"
Package: xfor 2009/02/05 v1.05 (NLCT)
)
("C:\Program Files\MiKTeX 2.9\tex\latex\datatool\datatool-base.sty"
Package: datatool-base 2018/04/16 v2.30 (NLCT)

("C:\Program Files\MiKTeX 2.9\tex\latex\substr\substr.sty"
Package: substr 2009/10/20 v1.2 Handle substrings
\c@su@anzahl=\count150
)
("C:\Program Files\MiKTeX 2.9\tex\latex\datatool\datatool-fp.sty"
Package: datatool-fp 2018/04/16 v2.30 (NLCT)

("C:\Program Files\MiKTeX 2.9\tex\latex\fp\fp.sty"
Package: fp 1995/04/02

`Fixed Point Package', Version 0.8, April 2, 1995 (C) Michael Mehlich
("C:\Program Files\MiKTeX 2.9\tex\latex\fp\defpattern.sty"
Package: defpattern 1994/10/12
\actioncount=\count151
)
("C:\Program Files\MiKTeX 2.9\tex\latex\fp\fp-basic.sty"
Package: fp-basic 1996/05/13
\FP@xs=\count152
\FP@xia=\count153
\FP@xib=\count154
\FP@xfa=\count155
\FP@xfb=\count156
\FP@rega=\count157
\FP@regb=\count158
\FP@regs=\count159
\FP@times=\count160
)
("C:\Program Files\MiKTeX 2.9\tex\latex\fp\fp-addons.sty"
Package: fp-addons 1995/03/15
)
("C:\Program Files\MiKTeX 2.9\tex\latex\fp\fp-snap.sty"
Package: fp-snap 1995/04/05
)
("C:\Program Files\MiKTeX 2.9\tex\latex\fp\fp-exp.sty"
Package: fp-exp 1995/04/03
)
("C:\Program Files\MiKTeX 2.9\tex\latex\fp\fp-trigo.sty"
Package: fp-trigo 1995/04/14
)
("C:\Program Files\MiKTeX 2.9\tex\latex\fp\fp-pas.sty"
Package: fp-pas 1994/08/29
)
("C:\Program Files\MiKTeX 2.9\tex\latex\fp\fp-random.sty"
Package: fp-random 1995/02/23
\FPseed=\count161
)
("C:\Program Files\MiKTeX 2.9\tex\latex\fp\fp-eqn.sty"
Package: fp-eqn 1995/04/03
)
("C:\Program Files\MiKTeX 2.9\tex\latex\fp\fp-upn.sty"
Package: fp-upn 1996/10/21
)
("C:\Program Files\MiKTeX 2.9\tex\latex\fp\fp-eval.sty"
Package: fp-eval 1995/04/03
)))
\@dtl@toks=\toks29
\@dtl@tmpcount=\count162
\dtl@tmplength=\skip52
\dtl@sortresult=\count163
\@dtl@numgrpsepcount=\count164
\@dtl@datatype=\count165
\dtl@codeA=\count166
\dtl@codeB=\count167
\@dtl@foreach@level=\count168
)
("C:\Program Files\MiKTeX 2.9\tex\latex\glossaries\base\glossaries-compatible-3
07.sty"
Package: glossaries-compatible-307 2018/05/23 v4.39 (NLCT)
) ("C:\Program Files\MiKTeX 2.9\tex\latex\tracklang\tracklang.sty"
Package: tracklang 2018/05/13 v1.3.6 (NLCT) Track Languages

("C:\Program Files\MiKTeX 2.9\tex\generic\tracklang\tracklang.tex"))
("C:\Program Files\MiKTeX 2.9\tex\latex\glossaries-spanish\glossaries-spanish.l
df"
File: glossaries-spanish.ldf 2014/11/23 v1.0

("C:\Program Files\MiKTeX 2.9\tex\latex\glossaries-spanish\glossaries-spanish-u
tf8.ldf"))
\gls@level=\count169
\@gls@tmpb=\toks30
\gls@tmplen=\skip53
\glskeylisttok=\toks31
\glslabeltok=\toks32
\glsshorttok=\toks33
\glslongtok=\toks34

("C:\Program Files\MiKTeX 2.9\tex\latex\glossaries\styles\glossary-hypernav.sty
"
Package: glossary-hypernav 2018/05/23 v4.39 (NLCT)
) ("C:\Program Files\MiKTeX 2.9\tex\latex\glossaries\styles\glossary-list.sty"
Package: glossary-list 2018/05/23 v4.39 (NLCT)
\glslistdottedwidth=\skip54
) ("C:\Program Files\MiKTeX 2.9\tex\latex\glossaries\styles\glossary-long.sty"
Package: glossary-long 2018/05/23 v4.39 (NLCT)

("C:\Program Files\MiKTeX 2.9\tex\latex\tools\longtable.sty"
Package: longtable 2014/10/28 v4.11 Multi-page Table package (DPC)
\LTleft=\skip55
\LTright=\skip56
\LTpre=\skip57
\LTpost=\skip58
\LTchunksize=\count170
\LTcapwidth=\dimen136
\LT@head=\box56
\LT@firsthead=\box57
\LT@foot=\box58
\LT@lastfoot=\box59
\LT@cols=\count171
\LT@rows=\count172
\c@LT@tables=\count173
\c@LT@chunks=\count174
\LT@p@ftn=\toks35
)
\glsdescwidth=\skip59
\glspagelistwidth=\skip60
)
("C:\Program Files\MiKTeX 2.9\tex\latex\glossaries\styles\glossary-super.sty"
Package: glossary-super 2018/05/23 v4.39 (NLCT)

("C:\Program Files\MiKTeX 2.9\tex\latex\supertabular\supertabular.sty"
Package: supertabular 2004/02/20 v4.1e the supertabular environment
\c@tracingst=\count175
\ST@wd=\dimen137
\ST@rightskip=\skip61
\ST@leftskip=\skip62
\ST@parfillskip=\skip63
\ST@pageleft=\dimen138
\ST@headht=\dimen139
\ST@tailht=\dimen140
\ST@pagesofar=\dimen141
\ST@pboxht=\dimen142
\ST@lineht=\dimen143
\ST@stretchht=\dimen144
\ST@prevht=\dimen145
\ST@toadd=\dimen146
\ST@dimen=\dimen147
\ST@pbox=\box60
))
("C:\Program Files\MiKTeX 2.9\tex\latex\glossaries\styles\glossary-tree.sty"
Package: glossary-tree 2018/05/23 v4.39 (NLCT)
\glstreeindent=\skip64
))
("C:\Program Files\MiKTeX 2.9\tex\latex\glossaries-extra\glossaries-extra-bib2g
ls.sty"
Package: glossaries-extra-bib2gls 2018/05/24 v1.32 (NLCT)
)
\glsxtrresourcecount=\count176
\@glsxtrnewgls@inner=\count177
\glsshortpltok=\toks36
\glslongpltok=\toks37

("C:\Program Files\MiKTeX 2.9\tex\latex\glossaries-extra\glossaries-extra-style
mods.sty"
Package: glossaries-extra-stylemods 2018/05/24 v1.32 (NLCT)
\glsxtrAltTreeIndent=\skip65
\glsxtrtreetopindent=\skip66
)) (Vpython_Documentacion.glstex) (Vpython_Documentacion-1.glstex)
(Vpython_Documentacion.aux
LaTeX Info: Redefining \. on input line 40.
LaTeX Info: Redefining \% on input line 40.
)
\openout1 = `Vpython_Documentacion.aux'.

LaTeX Font Info:    Checking defaults for OML/cmm/m/it on input line 56.
LaTeX Font Info:    ... okay on input line 56.
LaTeX Font Info:    Checking defaults for T1/cmr/m/n on input line 56.
LaTeX Font Info:    ... okay on input line 56.
LaTeX Font Info:    Checking defaults for OT1/cmr/m/n on input line 56.
LaTeX Font Info:    ... okay on input line 56.
LaTeX Font Info:    Checking defaults for OMS/cmsy/m/n on input line 56.
LaTeX Font Info:    ... okay on input line 56.
LaTeX Font Info:    Checking defaults for OMX/cmex/m/n on input line 56.
LaTeX Font Info:    ... okay on input line 56.
LaTeX Font Info:    Checking defaults for U/cmr/m/n on input line 56.
LaTeX Font Info:    ... okay on input line 56.
LaTeX Font Info:    Checking defaults for PD1/pdf/m/n on input line 56.
LaTeX Font Info:    ... okay on input line 56.
LaTeX Info: Redefining \. on input line 56.
LaTeX Info: Redefining \% on input line 56.
\AtBeginShipoutBox=\box61
Package hyperref Info: Link coloring ON on input line 56.

("C:\Program Files\MiKTeX 2.9\tex\latex\hyperref\nameref.sty"
Package: nameref 2016/05/21 v2.44 Cross-referencing by name of section

("C:\Program Files\MiKTeX 2.9\tex\generic\oberdiek\gettitlestring.sty"
Package: gettitlestring 2016/05/16 v1.5 Cleanup title references (HO)
)
\c@section@level=\count178
)
LaTeX Info: Redefining \ref on input line 56.
LaTeX Info: Redefining \pageref on input line 56.
LaTeX Info: Redefining \nameref on input line 56.

(Vpython_Documentacion.out) (Vpython_Documentacion.out)
\@outlinefile=\write3
\openout3 = `Vpython_Documentacion.out'.


("C:\Program Files\MiKTeX 2.9\tex\context\base\supp-pdf.mkii"
[Loading MPS to PDF converter (version 2006.09.02).]
\scratchcounter=\count179
\scratchdimen=\dimen148
\scratchbox=\box62
\nofMPsegments=\count180
\nofMParguments=\count181
\everyMPshowfont=\toks38
\MPscratchCnt=\count182
\MPscratchDim=\dimen149
\MPnumerator=\count183
\makeMPintoPDFobject=\count184
\everyMPtoPDFconversion=\toks39
)
\c@lstlisting=\count185
LaTeX Font Info:    Font shape `OT1/cmtt/bx/n' in size <24.88> not available
(Font)              Font shape `OT1/cmtt/m/n' tried instead on input line 62.
LaTeX Font Info:    Try loading font information for U+msa on input line 62.
 ("C:\Program Files\MiKTeX 2.9\tex\latex\amsfonts\umsa.fd"
File: umsa.fd 2013/01/14 v3.01 AMS symbols A
)
LaTeX Font Info:    Try loading font information for U+msb on input line 62.

("C:\Program Files\MiKTeX 2.9\tex\latex\amsfonts\umsb.fd"
File: umsb.fd 2013/01/14 v3.01 AMS symbols B
)
Package babel Info: Redefining spanish shorthand <<
(babel)             in language  on input line 79.
Package babel Info: Redefining spanish shorthand >>
(babel)             in language  on input line 79.
Package babel Info: Redefining spanish shorthand "=
(babel)             in language  on input line 79.
Package babel Info: Redefining spanish shorthand "~
(babel)             in language  on input line 79.
Package babel Info: Redefining spanish shorthand "!
(babel)             in language  on input line 79.
Package babel Info: Redefining spanish shorthand "?
(babel)             in language  on input line 79.
Package babel Info: Redefining spanish shorthand <<
(babel)             in language  on input line 79.
Package babel Info: Redefining spanish shorthand >>
(babel)             in language  on input line 79.
Package babel Info: Redefining spanish shorthand "=
(babel)             in language  on input line 79.
Package babel Info: Redefining spanish shorthand "~
(babel)             in language  on input line 79.
Package babel Info: Redefining spanish shorthand "!
(babel)             in language  on input line 79.
Package babel Info: Redefining spanish shorthand "?
(babel)             in language  on input line 79.
 [1

{C:/Users/Sebastian/AppData/Local/MiKTeX/2.9/pdftex/config/pdftex.map}]
(Vpython_Documentacion.toc
LaTeX Info: Redefining \. on input line 1.
LaTeX Info: Redefining \% on input line 1.
)
\tf@toc=\write4
\openout4 = `Vpython_Documentacion.toc'.

 (Vpython_Documentacion.lot
LaTeX Info: Redefining \. on input line 1.
LaTeX Info: Redefining \% on input line 1.
)
\tf@lot=\write5
\openout5 = `Vpython_Documentacion.lot'.


(Vpython_Documentacion.lof
LaTeX Info: Redefining \. on input line 1.
LaTeX Info: Redefining \% on input line 1.
)
\tf@lof=\write6
\openout6 = `Vpython_Documentacion.lof'.

Package babel Info: Redefining spanish shorthand <<
(babel)             in language  on input line 87.
Package babel Info: Redefining spanish shorthand >>
(babel)             in language  on input line 87.
Package babel Info: Redefining spanish shorthand "=
(babel)             in language  on input line 87.
Package babel Info: Redefining spanish shorthand "~
(babel)             in language  on input line 87.
Package babel Info: Redefining spanish shorthand "!
(babel)             in language  on input line 87.
Package babel Info: Redefining spanish shorthand "?
(babel)             in language  on input line 87.
Package babel Info: Redefining spanish shorthand <<
(babel)             in language  on input line 90.
Package babel Info: Redefining spanish shorthand >>
(babel)             in language  on input line 90.
Package babel Info: Redefining spanish shorthand "=
(babel)             in language  on input line 90.
Package babel Info: Redefining spanish shorthand "~
(babel)             in language  on input line 90.
Package babel Info: Redefining spanish shorthand "!
(babel)             in language  on input line 90.
Package babel Info: Redefining spanish shorthand "?
(babel)             in language  on input line 90.
Package babel Info: Redefining spanish shorthand <<
(babel)             in language  on input line 90.
Package babel Info: Redefining spanish shorthand >>
(babel)             in language  on input line 90.
Package babel Info: Redefining spanish shorthand "=
(babel)             in language  on input line 90.
Package babel Info: Redefining spanish shorthand "~
(babel)             in language  on input line 90.
Package babel Info: Redefining spanish shorthand "!
(babel)             in language  on input line 90.
Package babel Info: Redefining spanish shorthand "?
(babel)             in language  on input line 90.
pdfTeX warning (ext4): destination with the same identifier (name{page.1}) has 
been already used, duplicate ignored
<to be read again> 
                   \relax 
l.90 \newpage
              [1]
Package babel Info: Redefining spanish shorthand <<
(babel)             in language  on input line 93.
Package babel Info: Redefining spanish shorthand >>
(babel)             in language  on input line 93.
Package babel Info: Redefining spanish shorthand "=
(babel)             in language  on input line 93.
Package babel Info: Redefining spanish shorthand "~
(babel)             in language  on input line 93.
Package babel Info: Redefining spanish shorthand "!
(babel)             in language  on input line 93.
Package babel Info: Redefining spanish shorthand "?
(babel)             in language  on input line 93.
Package babel Info: Redefining spanish shorthand <<
(babel)             in language  on input line 113.
Package babel Info: Redefining spanish shorthand >>
(babel)             in language  on input line 113.
Package babel Info: Redefining spanish shorthand "=
(babel)             in language  on input line 113.
Package babel Info: Redefining spanish shorthand "~
(babel)             in language  on input line 113.
Package babel Info: Redefining spanish shorthand "!
(babel)             in language  on input line 113.
Package babel Info: Redefining spanish shorthand "?
(babel)             in language  on input line 113.
Package babel Info: Redefining spanish shorthand <<
(babel)             in language  on input line 117.
Package babel Info: Redefining spanish shorthand >>
(babel)             in language  on input line 117.
Package babel Info: Redefining spanish shorthand "=
(babel)             in language  on input line 117.
Package babel Info: Redefining spanish shorthand "~
(babel)             in language  on input line 117.
Package babel Info: Redefining spanish shorthand "!
(babel)             in language  on input line 117.
Package babel Info: Redefining spanish shorthand "?
(babel)             in language  on input line 117.
Package babel Info: Redefining spanish shorthand <<
(babel)             in language  on input line 117.
Package babel Info: Redefining spanish shorthand >>
(babel)             in language  on input line 117.
Package babel Info: Redefining spanish shorthand "=
(babel)             in language  on input line 117.
Package babel Info: Redefining spanish shorthand "~
(babel)             in language  on input line 117.
Package babel Info: Redefining spanish shorthand "!
(babel)             in language  on input line 117.
Package babel Info: Redefining spanish shorthand "?
(babel)             in language  on input line 117.
 [2]
Underfull \hbox (badness 10000) in paragraph at lines 131--134
[][]$\OT1/cmtt/m/n/12 https : / / www . u-[]cursos . cl / usuario / 77a5152ba29
63e5296264676485b1c05 / mi _ blog / o /
 []


Underfull \hbox (badness 10000) in paragraph at lines 135--138
[][]$\OT1/cmtt/m/n/12 http : / / mirrors . ibiblio . org / CTAN / macros / late
x / contrib / glossaries-[]extra /
 []


Underfull \hbox (badness 10000) in paragraph at lines 143--146
[][]$\OT1/cmtt/m/n/12 https : / / tex . stackexchange . com / questions / 25578
7 / how-[]to-[]index-[]figures ? utm _
 []


Overfull \hbox (136.5522pt too wide) in paragraph at lines 147--150
[][]$\OT1/cmtt/m/n/12 https : / / tex . stackexchange . com / questions / 34864
0 / how-[]to-[]effectively-[]use-[]list-[]of-[]symbols-[]for-[]a-[]thesis ?
 []

Package atveryend Info: Empty hook `BeforeClearDocument' on input line 165.
Package babel Info: Redefining spanish shorthand <<
(babel)             in language  on input line 165.
Package babel Info: Redefining spanish shorthand >>
(babel)             in language  on input line 165.
Package babel Info: Redefining spanish shorthand "=
(babel)             in language  on input line 165.
Package babel Info: Redefining spanish shorthand "~
(babel)             in language  on input line 165.
Package babel Info: Redefining spanish shorthand "!
(babel)             in language  on input line 165.
Package babel Info: Redefining spanish shorthand "?
(babel)             in language  on input line 165.
Package babel Info: Redefining spanish shorthand <<
(babel)             in language  on input line 165.
Package babel Info: Redefining spanish shorthand >>
(babel)             in language  on input line 165.
Package babel Info: Redefining spanish shorthand "=
(babel)             in language  on input line 165.
Package babel Info: Redefining spanish shorthand "~
(babel)             in language  on input line 165.
Package babel Info: Redefining spanish shorthand "!
(babel)             in language  on input line 165.
Package babel Info: Redefining spanish shorthand "?
(babel)             in language  on input line 165.
[3]
Package atveryend Info: Empty hook `AfterLastShipout' on input line 165.
 (Vpython_Documentacion.aux
LaTeX Info: Redefining \. on input line 40.
LaTeX Info: Redefining \% on input line 40.
)
Package atveryend Info: Executing hook `AtVeryEndDocument' on input line 165.
Package atveryend Info: Executing hook `AtEndAfterFileList' on input line 165.
Package rerunfilecheck Info: File `Vpython_Documentacion.out' has not changed.
(rerunfilecheck)             Checksum: F79EDE2215B3871582F9160CA152D058;150.
Package atveryend Info: Empty hook `AtVeryVeryEnd' on input line 165.
 ) 
Here is how much of TeX's memory you used:
 17092 strings out of 493305
 281339 string characters out of 3138862
 489709 words of memory out of 3000000
 20349 multiletter control sequences out of 15000+200000
 14296 words of font info for 55 fonts, out of 3000000 for 9000
 1141 hyphenation exceptions out of 8191
 52i,8n,40p,2008b,443s stack positions out of 5000i,500n,10000p,200000b,50000s
<C:/Program Files/MiKTeX 2.9/fonts/type1/public/amsfonts/cm/cmbx10.pfb><C:/Pr
ogram Files/MiKTeX 2.9/fonts/type1/public/amsfonts/cm/cmbx12.pfb><C:/Program Fi
les/MiKTeX 2.9/fonts/type1/public/amsfonts/cm/cmcsc10.pfb><C:/Program Files/MiK
TeX 2.9/fonts/type1/public/amsfonts/cm/cmmi12.pfb><C:/Program Files/MiKTeX 2.9/
fonts/type1/public/amsfonts/cm/cmr10.pfb><C:/Program Files/MiKTeX 2.9/fonts/typ
e1/public/amsfonts/cm/cmr12.pfb><C:/Program Files/MiKTeX 2.9/fonts/type1/public
/amsfonts/cm/cmr17.pfb><C:/Program Files/MiKTeX 2.9/fonts/type1/public/amsfonts
/cm/cmti12.pfb><C:/Program Files/MiKTeX 2.9/fonts/type1/public/amsfonts/cm/cmtt
12.pfb>
Output written on Vpython_Documentacion.pdf (4 pages, 141620 bytes).
PDF statistics:
 135 PDF objects out of 1000 (max. 8388607)
 35 named destinations out of 1000 (max. 500000)
 25 words of extra memory for PDF output out of 10000 (max. 10000000)

